c:\users\jack.carolan\desktop\physicssolution_student\debug\vc120.pdb
c:\users\jack.carolan\desktop\physicssolution_student\debug\vc120.idb
c:\users\jack.carolan\desktop\physicssolution_student\debug\application.obj
c:\users\jack.carolan\desktop\physicssolution_student\debug\camera.obj
c:\users\jack.carolan\desktop\physicssolution_student\debug\gizmos.obj
c:\users\jack.carolan\desktop\physicssolution_student\debug\main.obj
c:\users\jack.carolan\desktop\physicssolution_student\debug\physics.obj
c:\users\jack.carolan\desktop\physicssolution_student\debug\gl_core_4_4.obj
c:\users\jack.carolan\desktop\physicssolution_student\debug\ragdoll.obj
c:\users\jack.carolan\desktop\physicssolution_student\debug\physics.ilk
c:\users\jack.carolan\desktop\physicssolution_student\debug\physics.exe
c:\users\jack.carolan\desktop\physicssolution_student\debug\physics.pdb
c:\users\jack.carolan\documents\physics\physicssolution_student\debug\application.obj
c:\users\jack.carolan\documents\physics\physicssolution_student\debug\camera.obj
c:\users\jack.carolan\documents\physics\physicssolution_student\debug\gizmos.obj
c:\users\jack.carolan\documents\physics\physicssolution_student\debug\gl_core_4_4.obj
c:\users\jack.carolan\documents\physics\physicssolution_student\debug\main.obj
c:\users\jack.carolan\documents\physics\physicssolution_student\debug\physics.obj
c:\users\jack.carolan\documents\physics\physicssolution_student\debug\ragdoll.obj
c:\users\jack.carolan\documents\physics\physicssolution_student\debug\physics.ilk
c:\users\jack.carolan\documents\physics\physicssolution_student\debug\vc120.idb
c:\users\jack.carolan\documents\physics\physicssolution_student\debug\physics.pdb
c:\users\jack.carolan\documents\physics\physicssolution_student\debug\vc120.pdb
c:\users\jack.carolan\documents\physics\physicssolution_student\debug\physics.exe
c:\users\jack.carolan\documents\physics\physicssolution_student\debug\physics.tlog\cl.command.1.tlog
c:\users\jack.carolan\documents\physics\physicssolution_student\debug\physics.tlog\cl.read.1.tlog
c:\users\jack.carolan\documents\physics\physicssolution_student\debug\physics.tlog\cl.write.1.tlog
c:\users\jack.carolan\documents\physics\physicssolution_student\debug\physics.tlog\link.command.1.tlog
c:\users\jack.carolan\documents\physics\physicssolution_student\debug\physics.tlog\link.read.1.tlog
c:\users\jack.carolan\documents\physics\physicssolution_student\debug\physics.tlog\link.write.1.tlog
