Build started 7/31/2015 4:21:05 PM.
     1>Project "C:\Users\jack.carolan\Desktop\PhysicsSolution_student\Physics.vcxproj" on node 2 (Build target(s)).
     1>ClCompile:
         C:\Program Files (x86)\Microsoft Visual Studio 12.0\VC\bin\CL.exe /c /ZI /nologo /W3 /WX- /sdl /Od /Oy- /D PX_PHYSX_CHARACTER_STATIC_LIB /D GLM_FORCE_PURE /D _MBCS /Gm /EHsc /RTC1 /MDd /GS /fp:precise /Zc:wchar_t /Zc:forScope /Fo"Debug\\" /Fd"Debug\vc120.pdb" /Gd /TP /analyze- /errorReport:prompt src\Physics.cpp
         Physics.cpp
     1>c:\users\jack.carolan\desktop\physicssolution_student\src\ragdoll.h(78): warning C4244: 'argument' : conversion from 'double' to 'physx::PxReal', possible loss of data
     1>c:\users\jack.carolan\desktop\physicssolution_student\src\ragdoll.h(79): warning C4305: 'argument' : truncation from 'double' to 'physx::PxReal'
     1>c:\users\jack.carolan\desktop\physicssolution_student\src\ragdoll.h(80): warning C4244: 'argument' : conversion from 'double' to 'physx::PxReal', possible loss of data
     1>c:\users\jack.carolan\desktop\physicssolution_student\src\ragdoll.h(81): warning C4305: 'argument' : truncation from 'double' to 'physx::PxReal'
     1>c:\users\jack.carolan\desktop\physicssolution_student\src\physics.cpp(27): warning C4244: 'argument' : conversion from 'time_t' to 'unsigned int', possible loss of data
     1>c:\users\jack.carolan\desktop\physicssolution_student\src\physics.cpp(216): warning C4305: 'argument' : truncation from 'double' to 'physx::PxReal'
     1>c:\users\jack.carolan\desktop\physicssolution_student\src\physics.cpp(217): warning C4305: 'argument' : truncation from 'double' to 'physx::PxReal'
     1>c:\users\jack.carolan\desktop\physicssolution_student\src\physics.cpp(218): warning C4305: 'argument' : truncation from 'double' to 'physx::PxReal'
     1>c:\users\jack.carolan\desktop\physicssolution_student\src\physics.cpp(219): warning C4305: 'argument' : truncation from 'double' to 'physx::PxReal'
     1>c:\users\jack.carolan\desktop\physicssolution_student\src\physics.cpp(229): warning C4305: 'argument' : truncation from 'double' to 'float'
     1>c:\users\jack.carolan\desktop\physicssolution_student\src\physics.cpp(252): warning C4244: '=' : conversion from 'float' to 'int', possible loss of data
     1>c:\users\jack.carolan\desktop\physicssolution_student\src\physics.cpp(414): warning C4244: 'argument' : conversion from 'int' to 'physx::PxReal', possible loss of data
     1>c:\users\jack.carolan\desktop\physicssolution_student\src\physics.cpp(416): warning C4244: 'argument' : conversion from 'int' to 'physx::PxReal', possible loss of data
     1>c:\users\jack.carolan\desktop\physicssolution_student\src\physics.cpp(417): warning C4244: 'argument' : conversion from 'int' to 'physx::PxReal', possible loss of data
     1>c:\users\jack.carolan\desktop\physicssolution_student\src\physics.cpp(476): warning C4305: 'argument' : truncation from 'double' to 'float'
     1>c:\users\jack.carolan\desktop\physicssolution_student\src\physics.cpp(538): warning C4244: '=' : conversion from 'const physx::PxExtended' to 'float', possible loss of data
     1>c:\users\jack.carolan\desktop\physicssolution_student\src\physics.cpp(539): warning C4244: '=' : conversion from 'const physx::PxExtended' to 'float', possible loss of data
     1>c:\users\jack.carolan\desktop\physicssolution_student\src\physics.cpp(540): warning C4244: '=' : conversion from 'const physx::PxExtended' to 'float', possible loss of data
       Link:
         C:\Program Files (x86)\Microsoft Visual Studio 12.0\VC\bin\link.exe /ERRORREPORT:PROMPT /OUT:"C:\Users\jack.carolan\Desktop\PhysicsSolution_student\Debug\Physics.exe" /INCREMENTAL /NOLOGO glfw3.lib opengl32.lib PhysX3DEBUG_x86.lib PhysX3ExtensionsDEBUG.lib PhysX3CommonDEBUG_x86.lib PhysX3CharacterKinematicDEBUG_x86.lib kernel32.lib user32.lib gdi32.lib winspool.lib comdlg32.lib advapi32.lib shell32.lib ole32.lib oleaut32.lib uuid.lib odbc32.lib odbccp32.lib /MANIFEST /MANIFESTUAC:"level='asInvoker' uiAccess='false'" /manifest:embed /DEBUG /PDB:"C:\Users\jack.carolan\Desktop\PhysicsSolution_student\Debug\Physics.pdb" /TLBID:1 /DYNAMICBASE /NXCOMPAT /IMPLIB:"C:\Users\jack.carolan\Desktop\PhysicsSolution_student\Debug\Physics.lib" /MACHINE:X86 Debug\Application.obj
         Debug\Callback.obj
         Debug\Camera.obj
         Debug\DIYmain.obj
         Debug\DIYPhysicsEngine.obj
         Debug\Gizmos.obj
         Debug\gl_core_4_4.obj
         Debug\main.obj
         Debug\MyControllerHitReport.obj
         Debug\ParticleEmitter.obj
         Debug\ParticleFluidEmitter.obj
         Debug\Physics.obj
         Debug\Ragdoll.obj
         Physics.vcxproj -> C:\Users\jack.carolan\Desktop\PhysicsSolution_student\Debug\Physics.exe
     1>Done Building Project "C:\Users\jack.carolan\Desktop\PhysicsSolution_student\Physics.vcxproj" (Build target(s)).

Build succeeded.

Time Elapsed 00:00:03.85
